<?xml version="1.0" encoding="UTF-8"?>
<!-- Generated by org.testng.reporters.JUnitReportReporter -->
<testsuite skipped="0" hostname="DESKTOP-7533Q6F" name="com.practice.test.SpotonAuotmationTest" tests="1" failures="0" timestamp="16 Nov 2021 18:31:44 GMT" time="12.537" errors="0">
  <testcase name="selenium_automation_test" time="12.537" classname="com.practice.test.SpotonAuotmationTest"/>
</testsuite> <!-- com.practice.test.SpotonAuotmationTest -->
